<?xml version="1.0" encoding="UTF-8"?>
<!-- Generated by org.testng.reporters.JUnitReportReporter -->
<testsuite hostname="WKWZTxsRv2TevUJ" failures="0" tests="4" name="com.Test.FlightSearchTest" time="72.658" errors="0" timestamp="2024-10-27T18:36:27 IST" skipped="0">
  <testcase classname="com.Test.FlightSearchTest" name="testSameOriginAndDestination" time="19.670"/>
  <system-out/>
  <testcase classname="com.Test.FlightSearchTest" name="testEmptyFieldsValidation" time="7.511"/>
  <system-out/>
  <testcase classname="com.Test.FlightSearchTest" name="testFlightSearchDELToBOM" time="22.727"/>
  <system-out/>
  <testcase classname="com.Test.FlightSearchTest" name="testFlightSearchDELToBOM" time="22.750"/>
  <system-out/>
</testsuite> <!-- com.Test.FlightSearchTest -->
